Using launch settings from src\MediaEngine.Web\Properties\launchSettings.json...
Building...
info: Microsoft.Hosting.Lifetime[14]
      Now listening on: http://localhost:5016
info: Microsoft.Hosting.Lifetime[0]
      Application started. Press Ctrl+C to shut down.
info: Microsoft.Hosting.Lifetime[0]
      Hosting environment: Development
info: Microsoft.Hosting.Lifetime[0]
      Content root path: C:\Users\shaya\OneDrive\Documents\Source\Repos\tuvima-library\src\MediaEngine.Web
warn: Microsoft.AspNetCore.HttpsPolicy.HttpsRedirectionMiddleware[3]
      Failed to determine the https port for redirect.
info: System.Net.Http.HttpClient.IEngineApiClient.LogicalHandler[100]
      Start processing HTTP request GET http://localhost:61495/profiles
info: System.Net.Http.HttpClient.IEngineApiClient.ClientHandler[100]
      Sending HTTP request GET http://localhost:61495/profiles
info: System.Net.Http.HttpClient.IEngineApiClient.ClientHandler[101]
      Received HTTP response headers after 70.8669ms - 200
info: System.Net.Http.HttpClient.IEngineApiClient.LogicalHandler[101]
      End processing HTTP request after 80.1891ms - 200
info: System.Net.Http.HttpClient.IEngineApiClient.LogicalHandler[100]
      Start processing HTTP request GET http://localhost:61495/api/details/movie/efed6786-dcf0-4936-9da2-d65fa91b2a2e?*
info: System.Net.Http.HttpClient.IEngineApiClient.ClientHandler[100]
      Sending HTTP request GET http://localhost:61495/api/details/movie/efed6786-dcf0-4936-9da2-d65fa91b2a2e?*
info: System.Net.Http.HttpClient.IEngineApiClient.ClientHandler[101]
      Received HTTP response headers after 33.4187ms - 404
info: System.Net.Http.HttpClient.IEngineApiClient.LogicalHandler[101]
      End processing HTTP request after 33.6316ms - 404
warn: MediaEngine.Web.Services.Integration.EngineApiClient[0]
      GET /api/details/Movie/efed6786-dcf0-4936-9da2-d65fa91b2a2e failed
      System.Net.Http.HttpRequestException: Response status code does not indicate success: 404 (Not Found).
         at System.Net.Http.HttpResponseMessage.EnsureSuccessStatusCode()
         at System.Net.Http.Json.HttpClientJsonExtensions.<FromJsonAsyncCore>g__Core|12_0[TValue,TJsonOptions](HttpClient client, Task`1 responseTask, Boolean usingResponseHeadersRead, CancellationTokenSource linkedCTS, Func`4 deserializeMethod, TJsonOptions jsonOptions, CancellationToken cancellationToken)
         at MediaEngine.Web.Services.Integration.EngineApiClient.GetDetailPageAsync(DetailEntityType entityType, Guid id, DetailPresentationContext context, String containerId, Nullable`1 profileId, CancellationToken ct) in C:\Users\shaya\OneDrive\Documents\Source\Repos\tuvima-library\src\MediaEngine.Web\Services\Integration\EngineApiClient.cs:line 1427
info: System.Net.Http.HttpClient.IEngineApiClient.LogicalHandler[100]
      Start processing HTTP request GET http://localhost:61495/profiles
info: System.Net.Http.HttpClient.IEngineApiClient.ClientHandler[100]
      Sending HTTP request GET http://localhost:61495/profiles
info: System.Net.Http.HttpClient.IEngineApiClient.ClientHandler[101]
      Received HTTP response headers after 1.2928ms - 200
info: System.Net.Http.HttpClient.IEngineApiClient.LogicalHandler[101]
      End processing HTTP request after 1.3875ms - 200
info: System.Net.Http.HttpClient.IEngineApiClient.LogicalHandler[100]
      Start processing HTTP request GET http://localhost:61495/api/details/movie/efed6786-dcf0-4936-9da2-d65fa91b2a2e?*
info: System.Net.Http.HttpClient.IEngineApiClient.ClientHandler[100]
      Sending HTTP request GET http://localhost:61495/api/details/movie/efed6786-dcf0-4936-9da2-d65fa91b2a2e?*
info: System.Net.Http.HttpClient.IEngineApiClient.LogicalHandler[100]
      Start processing HTTP request GET http://localhost:61495/settings/ui/resolved?*
info: System.Net.Http.HttpClient.IEngineApiClient.ClientHandler[100]
      Sending HTTP request GET http://localhost:61495/settings/ui/resolved?*
info: System.Net.Http.HttpClient.IEngineApiClient.ClientHandler[101]
      Received HTTP response headers after 16.0022ms - 404
info: System.Net.Http.HttpClient.IEngineApiClient.LogicalHandler[101]
      End processing HTTP request after 16.1129ms - 404
warn: MediaEngine.Web.Services.Integration.EngineApiClient[0]
      GET /api/details/Movie/efed6786-dcf0-4936-9da2-d65fa91b2a2e failed
      System.Net.Http.HttpRequestException: Response status code does not indicate success: 404 (Not Found).
         at System.Net.Http.HttpResponseMessage.EnsureSuccessStatusCode()
         at System.Net.Http.Json.HttpClientJsonExtensions.<FromJsonAsyncCore>g__Core|12_0[TValue,TJsonOptions](HttpClient client, Task`1 responseTask, Boolean usingResponseHeadersRead, CancellationTokenSource linkedCTS, Func`4 deserializeMethod, TJsonOptions jsonOptions, CancellationToken cancellationToken)
         at MediaEngine.Web.Services.Integration.EngineApiClient.GetDetailPageAsync(DetailEntityType entityType, Guid id, DetailPresentationContext context, String containerId, Nullable`1 profileId, CancellationToken ct) in C:\Users\shaya\OneDrive\Documents\Source\Repos\tuvima-library\src\MediaEngine.Web\Services\Integration\EngineApiClient.cs:line 1427
info: System.Net.Http.HttpClient.IEngineApiClient.ClientHandler[101]
      Received HTTP response headers after 15.2822ms - 200
info: System.Net.Http.HttpClient.IEngineApiClient.LogicalHandler[101]
      End processing HTTP request after 15.4544ms - 200
info: System.Net.Http.HttpClient.IEngineApiClient.LogicalHandler[100]
      Start processing HTTP request GET http://localhost:61495/settings/server-general
info: System.Net.Http.HttpClient.IEngineApiClient.ClientHandler[100]
      Sending HTTP request GET http://localhost:61495/settings/server-general
info: System.Net.Http.HttpClient.IEngineApiClient.ClientHandler[101]
      Received HTTP response headers after 6.2569ms - 200
info: System.Net.Http.HttpClient.IEngineApiClient.LogicalHandler[101]
      End processing HTTP request after 6.3556ms - 200
info: System.Net.Http.HttpClient.IEngineApiClient.LogicalHandler[100]
      Start processing HTTP request GET http://localhost:61495/profiles
info: System.Net.Http.HttpClient.IEngineApiClient.ClientHandler[100]
      Sending HTTP request GET http://localhost:61495/profiles
info: System.Net.Http.HttpClient.IEngineApiClient.ClientHandler[101]
      Received HTTP response headers after 4.9676ms - 200
info: System.Net.Http.HttpClient.IEngineApiClient.LogicalHandler[101]
      End processing HTTP request after 5.0707ms - 200
info: System.Net.Http.HttpClient.IEngineApiClient.LogicalHandler[100]
      Start processing HTTP request GET http://localhost:61495/profiles
info: System.Net.Http.HttpClient.IEngineApiClient.ClientHandler[100]
      Sending HTTP request GET http://localhost:61495/profiles
info: System.Net.Http.HttpClient.IEngineApiClient.ClientHandler[101]
      Received HTTP response headers after 1.3838ms - 200
info: System.Net.Http.HttpClient.IEngineApiClient.LogicalHandler[101]
      End processing HTTP request after 1.4832ms - 200
info: System.Net.Http.HttpClient.IEngineApiClient.LogicalHandler[100]
      Start processing HTTP request GET http://localhost:61495/review/count
info: System.Net.Http.HttpClient.IEngineApiClient.ClientHandler[100]
      Sending HTTP request GET http://localhost:61495/review/count
info: System.Net.Http.HttpClient.IEngineApiClient.ClientHandler[101]
      Received HTTP response headers after 5.7279ms - 200
info: System.Net.Http.HttpClient.IEngineApiClient.LogicalHandler[101]
      End processing HTTP request after 5.8627ms - 200
info: MediaEngine.Web.Services.Integration.UIOrchestratorService[0]
      Intercom connected ? http://localhost:61495/intercom
info: System.Net.Http.HttpClient.IEngineApiClient.LogicalHandler[100]
      Start processing HTTP request GET http://localhost:61495/system/status
info: System.Net.Http.HttpClient.IEngineApiClient.ClientHandler[100]
      Sending HTTP request GET http://localhost:61495/system/status
info: System.Net.Http.HttpClient.IEngineApiClient.ClientHandler[101]
      Received HTTP response headers after 3.4303ms - 200
info: System.Net.Http.HttpClient.IEngineApiClient.LogicalHandler[101]
      End processing HTTP request after 3.5653ms - 200
info: MediaEngine.Web.Services.Integration.UIOrchestratorService[0]
      Intercom ? MediaAdded: WorkId=6b606d29-6536-495a-9c44-3feb80bf4e50 Title="Beauty and the Beast" Type=Music
info: MediaEngine.Web.Services.Integration.UIOrchestratorService[0]
      Intercom ? IngestionCompleted: File="(null)" Type=(null)
info: MediaEngine.Web.Services.Integration.UIOrchestratorService[0]
      Intercom ? MediaAdded: WorkId=4166d2d0-eab4-4a6c-93bc-7b8bab3b972b Title="Dreaming of the Crash" Type=Music
info: MediaEngine.Web.Services.Integration.UIOrchestratorService[0]
      Intercom ? IngestionCompleted: File="(null)" Type=(null)
info: MediaEngine.Web.Services.Integration.UIOrchestratorService[0]
      Intercom ? MediaAdded: WorkId=eb24bcac-2fd9-4224-a2df-aa05e0996e3d Title="Something" Type=Music
info: MediaEngine.Web.Services.Integration.UIOrchestratorService[0]
      Intercom ? IngestionCompleted: File="(null)" Type=(null)
info: MediaEngine.Web.Services.Integration.UIOrchestratorService[0]
      Intercom ? MediaAdded: WorkId=1d151d6e-f64e-4498-9894-c7cd69f2680e Title="Cornfield Chase" Type=Music
info: MediaEngine.Web.Services.Integration.UIOrchestratorService[0]
      Intercom ? IngestionCompleted: File="(null)" Type=(null)
info: MediaEngine.Web.Services.Integration.UIOrchestratorService[0]
      Intercom ? MediaAdded: WorkId=453a23b3-d90c-4ea7-9c5c-0f58c6de999c Title="The Wasp Factory" Type=Audiobooks
info: MediaEngine.Web.Services.Integration.UIOrchestratorService[0]
      Intercom ? IngestionCompleted: File="(null)" Type=(null)
info: MediaEngine.Web.Services.Integration.UIOrchestratorService[0]
      Intercom ? MediaAdded: WorkId=a2f5a05b-f4e2-4f3d-b2b8-e146abc5d17d Title="Come Together" Type=Music
info: MediaEngine.Web.Services.Integration.UIOrchestratorService[0]
      Intercom ? IngestionCompleted: File="(null)" Type=(null)
info: MediaEngine.Web.Services.Integration.UIOrchestratorService[0]
      Intercom ? MediaAdded: WorkId=e8be6ec3-b249-4833-b9f4-dc3729ef6a4c Title="The Sandman" Type=Comics
info: MediaEngine.Web.Services.Integration.UIOrchestratorService[0]
      Intercom ? IngestionCompleted: File="(null)" Type=(null)
info: MediaEngine.Web.Services.Integration.UIOrchestratorService[0]
      Intercom ? MediaAdded: WorkId=df0c0666-41f2-4c78-a8d5-170e4d6cd654 Title="Five Years" Type=Music
info: MediaEngine.Web.Services.Integration.UIOrchestratorService[0]
      Intercom ? IngestionCompleted: File="(null)" Type=(null)
info: MediaEngine.Web.Services.Integration.UIOrchestratorService[0]
      Intercom ? MediaAdded: WorkId=79afbed3-7963-4db7-92ff-7bbbc80dd82a Title="Moonage Daydream" Type=Music
info: MediaEngine.Web.Services.Integration.UIOrchestratorService[0]
      Intercom ? IngestionCompleted: File="(null)" Type=(null)
warn: MediaEngine.Web.Services.Integration.UIOrchestratorService[0]
      Intercom closed: (null)
