Using launch settings from src\MediaEngine.Web\Properties\launchSettings.json...
info: Microsoft.Hosting.Lifetime[14]
      Now listening on: http://localhost:5016
info: Microsoft.Hosting.Lifetime[0]
      Application started. Press Ctrl+C to shut down.
info: Microsoft.Hosting.Lifetime[0]
      Hosting environment: Development
info: Microsoft.Hosting.Lifetime[0]
      Content root path: C:\Users\shaya\OneDrive\Documents\Source\Repos\tuvima-library\src\MediaEngine.Web
warn: Microsoft.AspNetCore.HttpsPolicy.HttpsRedirectionMiddleware[3]
      Failed to determine the https port for redirect.
info: System.Net.Http.HttpClient.IEngineApiClient.LogicalHandler[100]
      Start processing HTTP request GET http://localhost:61495/profiles
info: System.Net.Http.HttpClient.IEngineApiClient.ClientHandler[100]
      Sending HTTP request GET http://localhost:61495/profiles
info: System.Net.Http.HttpClient.IEngineApiClient.ClientHandler[101]
      Received HTTP response headers after 42.105ms - 200
info: System.Net.Http.HttpClient.IEngineApiClient.LogicalHandler[101]
      End processing HTTP request after 51.8415ms - 200
info: System.Net.Http.HttpClient.IEngineApiClient.LogicalHandler[100]
      Start processing HTTP request GET http://localhost:61495/library/works?*
info: System.Net.Http.HttpClient.IEngineApiClient.ClientHandler[100]
      Sending HTTP request GET http://localhost:61495/library/works?*
info: System.Net.Http.HttpClient.IEngineApiClient.LogicalHandler[100]
      Start processing HTTP request GET http://localhost:61495/progress/journey?*
info: System.Net.Http.HttpClient.IEngineApiClient.ClientHandler[100]
      Sending HTTP request GET http://localhost:61495/progress/journey?*
info: System.Net.Http.HttpClient.IEngineApiClient.LogicalHandler[100]
      Start processing HTTP request GET http://localhost:61495/collections/system-views?*
info: System.Net.Http.HttpClient.IEngineApiClient.ClientHandler[100]
      Sending HTTP request GET http://localhost:61495/collections/system-views?*
info: System.Net.Http.HttpClient.IEngineApiClient.LogicalHandler[100]
      Start processing HTTP request GET http://localhost:61495/collections/system-views?*
info: System.Net.Http.HttpClient.IEngineApiClient.ClientHandler[100]
      Sending HTTP request GET http://localhost:61495/collections/system-views?*
info: System.Net.Http.HttpClient.IEngineApiClient.LogicalHandler[100]
      Start processing HTTP request GET http://localhost:61495/collections/managed?*
info: System.Net.Http.HttpClient.IEngineApiClient.ClientHandler[100]
      Sending HTTP request GET http://localhost:61495/collections/managed?*
info: System.Net.Http.HttpClient.IEngineApiClient.ClientHandler[101]
      Received HTTP response headers after 6.3248ms - 200
info: System.Net.Http.HttpClient.IEngineApiClient.LogicalHandler[101]
      End processing HTTP request after 6.3804ms - 200
info: System.Net.Http.HttpClient.IEngineApiClient.ClientHandler[101]
      Received HTTP response headers after 10.2979ms - 200
info: System.Net.Http.HttpClient.IEngineApiClient.LogicalHandler[101]
      End processing HTTP request after 10.3479ms - 200
info: System.Net.Http.HttpClient.IEngineApiClient.ClientHandler[101]
      Received HTTP response headers after 31.061ms - 200
info: System.Net.Http.HttpClient.IEngineApiClient.LogicalHandler[101]
      End processing HTTP request after 31.1703ms - 200
info: System.Net.Http.HttpClient.IEngineApiClient.ClientHandler[101]
      Received HTTP response headers after 33.8492ms - 200
info: System.Net.Http.HttpClient.IEngineApiClient.ClientHandler[101]
      Received HTTP response headers after 33.7385ms - 200
info: System.Net.Http.HttpClient.IEngineApiClient.LogicalHandler[101]
      End processing HTTP request after 33.7708ms - 200
info: System.Net.Http.HttpClient.IEngineApiClient.LogicalHandler[101]
      End processing HTTP request after 33.8932ms - 200
info: System.Net.Http.HttpClient.IEngineApiClient.LogicalHandler[100]
      Start processing HTTP request GET http://localhost:61495/collections/managed?*
info: System.Net.Http.HttpClient.IEngineApiClient.ClientHandler[100]
      Sending HTTP request GET http://localhost:61495/collections/managed?*
info: System.Net.Http.HttpClient.IEngineApiClient.ClientHandler[101]
      Received HTTP response headers after 1.1271ms - 200
info: System.Net.Http.HttpClient.IEngineApiClient.LogicalHandler[101]
      End processing HTTP request after 1.212ms - 200
info: System.Net.Http.HttpClient.IEngineApiClient.LogicalHandler[100]
      Start processing HTTP request GET http://localhost:61495/collections/managed?*
info: System.Net.Http.HttpClient.IEngineApiClient.ClientHandler[100]
      Sending HTTP request GET http://localhost:61495/collections/managed?*
info: System.Net.Http.HttpClient.IEngineApiClient.ClientHandler[101]
      Received HTTP response headers after 0.6105ms - 200
info: System.Net.Http.HttpClient.IEngineApiClient.LogicalHandler[101]
      End processing HTTP request after 0.6709ms - 200
info: System.Net.Http.HttpClient.IEngineApiClient.LogicalHandler[100]
      Start processing HTTP request GET http://localhost:61495/collections/system-view-detail?*
info: System.Net.Http.HttpClient.IEngineApiClient.ClientHandler[100]
      Sending HTTP request GET http://localhost:61495/collections/system-view-detail?*
info: System.Net.Http.HttpClient.IEngineApiClient.ClientHandler[101]
      Received HTTP response headers after 28903.4229ms - 200
info: System.Net.Http.HttpClient.IEngineApiClient.LogicalHandler[101]
      End processing HTTP request after 28903.5018ms - 200
info: System.Net.Http.HttpClient.IEngineApiClient.LogicalHandler[100]
      Start processing HTTP request GET http://localhost:61495/profiles
info: System.Net.Http.HttpClient.IEngineApiClient.ClientHandler[100]
      Sending HTTP request GET http://localhost:61495/profiles
info: System.Net.Http.HttpClient.IEngineApiClient.ClientHandler[101]
      Received HTTP response headers after 1.4839ms - 200
info: System.Net.Http.HttpClient.IEngineApiClient.LogicalHandler[101]
      End processing HTTP request after 1.568ms - 200
info: System.Net.Http.HttpClient.IEngineApiClient.LogicalHandler[100]
      Start processing HTTP request GET http://localhost:61495/library/works?*
info: System.Net.Http.HttpClient.IEngineApiClient.ClientHandler[100]
      Sending HTTP request GET http://localhost:61495/library/works?*
info: System.Net.Http.HttpClient.IEngineApiClient.LogicalHandler[100]
      Start processing HTTP request GET http://localhost:61495/progress/journey?*
info: System.Net.Http.HttpClient.IEngineApiClient.ClientHandler[100]
      Sending HTTP request GET http://localhost:61495/progress/journey?*
info: System.Net.Http.HttpClient.IEngineApiClient.LogicalHandler[100]
      Start processing HTTP request GET http://localhost:61495/collections/system-views?*
info: System.Net.Http.HttpClient.IEngineApiClient.ClientHandler[100]
      Sending HTTP request GET http://localhost:61495/collections/system-views?*
info: System.Net.Http.HttpClient.IEngineApiClient.LogicalHandler[100]
      Start processing HTTP request GET http://localhost:61495/collections/system-views?*
info: System.Net.Http.HttpClient.IEngineApiClient.ClientHandler[100]
      Sending HTTP request GET http://localhost:61495/collections/system-views?*
info: System.Net.Http.HttpClient.IEngineApiClient.LogicalHandler[100]
      Start processing HTTP request GET http://localhost:61495/collections/managed?*
info: System.Net.Http.HttpClient.IEngineApiClient.ClientHandler[100]
      Sending HTTP request GET http://localhost:61495/collections/managed?*
info: System.Net.Http.HttpClient.IEngineApiClient.ClientHandler[101]
      Received HTTP response headers after 1.5419ms - 200
info: System.Net.Http.HttpClient.IEngineApiClient.ClientHandler[101]
      Received HTTP response headers after 1.7417ms - 200
info: System.Net.Http.HttpClient.IEngineApiClient.LogicalHandler[101]
      End processing HTTP request after 1.5783ms - 200
info: System.Net.Http.HttpClient.IEngineApiClient.LogicalHandler[101]
      End processing HTTP request after 1.7833ms - 200
info: System.Net.Http.HttpClient.IEngineApiClient.LogicalHandler[100]
      Start processing HTTP request GET http://localhost:61495/settings/ui/resolved?*
info: System.Net.Http.HttpClient.IEngineApiClient.ClientHandler[100]
      Sending HTTP request GET http://localhost:61495/settings/ui/resolved?*
info: System.Net.Http.HttpClient.IEngineApiClient.ClientHandler[101]
      Received HTTP response headers after 6.3497ms - 200
info: System.Net.Http.HttpClient.IEngineApiClient.LogicalHandler[101]
      End processing HTTP request after 6.3769ms - 200
info: System.Net.Http.HttpClient.IEngineApiClient.ClientHandler[101]
      Received HTTP response headers after 7.3861ms - 200
info: System.Net.Http.HttpClient.IEngineApiClient.LogicalHandler[101]
      End processing HTTP request after 7.4113ms - 200
info: System.Net.Http.HttpClient.IEngineApiClient.ClientHandler[101]
      Received HTTP response headers after 5.2503ms - 200
info: System.Net.Http.HttpClient.IEngineApiClient.LogicalHandler[101]
      End processing HTTP request after 5.2831ms - 200
info: System.Net.Http.HttpClient.IEngineApiClient.ClientHandler[101]
      Received HTTP response headers after 11.7823ms - 200
info: System.Net.Http.HttpClient.IEngineApiClient.LogicalHandler[101]
      End processing HTTP request after 11.8568ms - 200
info: System.Net.Http.HttpClient.IEngineApiClient.LogicalHandler[100]
      Start processing HTTP request GET http://localhost:61495/collections/managed?*
info: System.Net.Http.HttpClient.IEngineApiClient.ClientHandler[100]
      Sending HTTP request GET http://localhost:61495/collections/managed?*
info: System.Net.Http.HttpClient.IEngineApiClient.ClientHandler[101]
      Received HTTP response headers after 0.5503ms - 200
info: System.Net.Http.HttpClient.IEngineApiClient.LogicalHandler[101]
      End processing HTTP request after 0.5936ms - 200
info: System.Net.Http.HttpClient.IEngineApiClient.LogicalHandler[100]
      Start processing HTTP request GET http://localhost:61495/collections/managed?*
info: System.Net.Http.HttpClient.IEngineApiClient.ClientHandler[100]
      Sending HTTP request GET http://localhost:61495/collections/managed?*
info: System.Net.Http.HttpClient.IEngineApiClient.ClientHandler[101]
      Received HTTP response headers after 0.5161ms - 200
info: System.Net.Http.HttpClient.IEngineApiClient.LogicalHandler[101]
      End processing HTTP request after 0.5512ms - 200
info: System.Net.Http.HttpClient.IEngineApiClient.LogicalHandler[100]
      Start processing HTTP request GET http://localhost:61495/collections/system-view-detail?*
info: System.Net.Http.HttpClient.IEngineApiClient.ClientHandler[100]
      Sending HTTP request GET http://localhost:61495/collections/system-view-detail?*
info: System.Net.Http.HttpClient.IEngineApiClient.LogicalHandler[100]
      Start processing HTTP request GET http://localhost:61495/settings/server-general
info: System.Net.Http.HttpClient.IEngineApiClient.ClientHandler[100]
      Sending HTTP request GET http://localhost:61495/settings/server-general
info: System.Net.Http.HttpClient.IEngineApiClient.ClientHandler[101]
      Received HTTP response headers after 4.4142ms - 200
info: System.Net.Http.HttpClient.IEngineApiClient.LogicalHandler[101]
      End processing HTTP request after 4.4482ms - 200
info: System.Net.Http.HttpClient.IEngineApiClient.ClientHandler[101]
      Received HTTP response headers after 5.084ms - 200
info: System.Net.Http.HttpClient.IEngineApiClient.LogicalHandler[101]
      End processing HTTP request after 5.1174ms - 200
info: System.Net.Http.HttpClient.IEngineApiClient.LogicalHandler[100]
      Start processing HTTP request GET http://localhost:61495/profiles
info: System.Net.Http.HttpClient.IEngineApiClient.ClientHandler[100]
      Sending HTTP request GET http://localhost:61495/profiles
info: System.Net.Http.HttpClient.IEngineApiClient.ClientHandler[101]
      Received HTTP response headers after 0.7046ms - 200
info: System.Net.Http.HttpClient.IEngineApiClient.LogicalHandler[101]
      End processing HTTP request after 0.7476ms - 200
info: System.Net.Http.HttpClient.IEngineApiClient.LogicalHandler[100]
      Start processing HTTP request GET http://localhost:61495/profiles
info: System.Net.Http.HttpClient.IEngineApiClient.ClientHandler[100]
      Sending HTTP request GET http://localhost:61495/profiles
info: System.Net.Http.HttpClient.IEngineApiClient.ClientHandler[101]
      Received HTTP response headers after 0.2773ms - 200
info: System.Net.Http.HttpClient.IEngineApiClient.LogicalHandler[101]
      End processing HTTP request after 0.2997ms - 200
info: System.Net.Http.HttpClient.IEngineApiClient.LogicalHandler[100]
      Start processing HTTP request GET http://localhost:61495/review/count
info: System.Net.Http.HttpClient.IEngineApiClient.ClientHandler[100]
      Sending HTTP request GET http://localhost:61495/review/count
info: System.Net.Http.HttpClient.IEngineApiClient.ClientHandler[101]
      Received HTTP response headers after 1.6369ms - 200
info: System.Net.Http.HttpClient.IEngineApiClient.LogicalHandler[101]
      End processing HTTP request after 1.6705ms - 200
info: MediaEngine.Web.Services.Integration.UIOrchestratorService[0]
      Intercom connected ? http://localhost:61495/intercom
info: System.Net.Http.HttpClient.IEngineApiClient.LogicalHandler[100]
      Start processing HTTP request GET http://localhost:61495/system/status
info: System.Net.Http.HttpClient.IEngineApiClient.ClientHandler[100]
      Sending HTTP request GET http://localhost:61495/system/status
info: System.Net.Http.HttpClient.IEngineApiClient.ClientHandler[101]
      Received HTTP response headers after 1.7428ms - 200
info: System.Net.Http.HttpClient.IEngineApiClient.LogicalHandler[101]
      End processing HTTP request after 1.8066ms - 200
info: MediaEngine.Web.Services.Integration.UIOrchestratorService[0]
      Intercom ? MediaAdded: WorkId=0977aafc-f075-4e9c-9278-c0c75ee56a6b Title="Dune Messiah" Type=Books
info: MediaEngine.Web.Services.Integration.UIOrchestratorService[0]
      Intercom ? IngestionCompleted: File="(null)" Type=(null)
info: MediaEngine.Web.Services.Integration.UIOrchestratorService[0]
      Intercom ? MediaAdded: WorkId=1cff5763-5f20-44b4-965c-886ce7016daa Title="Don Quijote de la Mancha" Type=Books
info: MediaEngine.Web.Services.Integration.UIOrchestratorService[0]
      Intercom ? IngestionCompleted: File="(null)" Type=(null)
info: MediaEngine.Web.Services.Integration.UIOrchestratorService[0]
      Intercom ? MediaAdded: WorkId=1281c269-b785-4274-b26b-ab672e0bdb7d Title="Project Hail Mary" Type=Books
info: MediaEngine.Web.Services.Integration.UIOrchestratorService[0]
      Intercom ? IngestionCompleted: File="(null)" Type=(null)
info: MediaEngine.Web.Services.Integration.UIOrchestratorService[0]
      Intercom ? MediaAdded: WorkId=03a9fe68-8028-4bdd-8ccd-de0983e9e6a5 Title="The Cuckoo's Calling" Type=Books
info: MediaEngine.Web.Services.Integration.UIOrchestratorService[0]
      Intercom ? IngestionCompleted: File="(null)" Type=(null)
info: MediaEngine.Web.Services.Integration.UIOrchestratorService[0]
      Intercom ? MediaAdded: WorkId=d4a2c300-7fde-4f08-a920-48d1e4c62964 Title="The Last of Us" Type=Books
info: MediaEngine.Web.Services.Integration.UIOrchestratorService[0]
      Intercom ? IngestionCompleted: File="(null)" Type=(null)
info: MediaEngine.Web.Services.Integration.UIOrchestratorService[0]
      Intercom ? MediaAdded: WorkId=bc5bc29e-d8e9-4ffe-b6b6-547589d2a134 Title="All Systems Red" Type=Books
info: MediaEngine.Web.Services.Integration.UIOrchestratorService[0]
      Intercom ? IngestionCompleted: File="(null)" Type=(null)
info: MediaEngine.Web.Services.Integration.UIOrchestratorService[0]
      Intercom ? MediaAdded: WorkId=bb19578a-1f54-491a-a917-c56c488fb2c3 Title="The Shining" Type=Books
info: MediaEngine.Web.Services.Integration.UIOrchestratorService[0]
      Intercom ? IngestionCompleted: File="(null)" Type=(null)
info: MediaEngine.Web.Services.Integration.UIOrchestratorService[0]
      Intercom ? MediaAdded: WorkId=809f947d-2a6f-48e0-9f7d-cf7bc33686c0 Title="A Clash of Kings" Type=Books
info: MediaEngine.Web.Services.Integration.UIOrchestratorService[0]
      Intercom ? IngestionCompleted: File="(null)" Type=(null)
info: MediaEngine.Web.Services.Integration.UIOrchestratorService[0]
      Intercom ? MediaAdded: WorkId=d42b7a1a-7061-42a4-9ea7-02ee8f778405 Title="Dune" Type=Audiobooks
info: MediaEngine.Web.Services.Integration.UIOrchestratorService[0]
      Intercom ? IngestionCompleted: File="(null)" Type=(null)
info: MediaEngine.Web.Services.Integration.UIOrchestratorService[0]
      Intercom ? MediaAdded: WorkId=a404be61-060e-4928-b994-808234c64987 Title="The Martian" Type=Books
info: MediaEngine.Web.Services.Integration.UIOrchestratorService[0]
      Intercom ? IngestionCompleted: File="(null)" Type=(null)
info: MediaEngine.Web.Services.Integration.UIOrchestratorService[0]
      Intercom ? MediaAdded: WorkId=e8d09aae-9e40-4431-afd6-1ee06217088b Title="The Return of the King" Type=Books
info: MediaEngine.Web.Services.Integration.UIOrchestratorService[0]
      Intercom ? IngestionCompleted: File="(null)" Type=(null)
info: MediaEngine.Web.Services.Integration.UIOrchestratorService[0]
      Intercom ? MediaAdded: WorkId=51e4a49f-f842-4fd7-b174-e462c7d947de Title="Doctor Sleep" Type=Audiobooks
info: MediaEngine.Web.Services.Integration.UIOrchestratorService[0]
      Intercom ? IngestionCompleted: File="(null)" Type=(null)
info: MediaEngine.Web.Services.Integration.UIOrchestratorService[0]
      Intercom ? MediaAdded: WorkId=3850d39d-2c11-4142-9118-79bf22cb1985 Title="Ender's Game" Type=Audiobooks
info: MediaEngine.Web.Services.Integration.UIOrchestratorService[0]
      Intercom ? IngestionCompleted: File="(null)" Type=(null)
info: MediaEngine.Web.Services.Integration.UIOrchestratorService[0]
      Intercom ? MediaAdded: WorkId=476a7563-98a5-4f3c-a395-990112c06132 Title="The Fellowship of the Ring" Type=Audiobooks
info: MediaEngine.Web.Services.Integration.UIOrchestratorService[0]
      Intercom ? IngestionCompleted: File="(null)" Type=(null)
info: MediaEngine.Web.Services.Integration.UIOrchestratorService[0]
      Intercom ? MediaAdded: WorkId=5ac7c64d-b221-470f-8751-61733079549d Title="The Two Towers" Type=Books
info: MediaEngine.Web.Services.Integration.UIOrchestratorService[0]
      Intercom ? IngestionCompleted: File="(null)" Type=(null)
info: MediaEngine.Web.Services.Integration.UIOrchestratorService[0]
      Intercom ? MediaAdded: WorkId=2dadc40b-1c1c-40c0-ba86-9d452e98c3fb Title="Dune: Part Two" Type=Movies
info: MediaEngine.Web.Services.Integration.UIOrchestratorService[0]
      Intercom ? IngestionCompleted: File="(null)" Type=(null)
info: MediaEngine.Web.Services.Integration.UIOrchestratorService[0]
      Intercom ? MediaAdded: WorkId=cfebb374-8e75-4c63-bc2f-44f71c37b510 Title="Breaking Bad" Type=TV
info: MediaEngine.Web.Services.Integration.UIOrchestratorService[0]
      Intercom ? IngestionCompleted: File="(null)" Type=(null)
info: MediaEngine.Web.Services.Integration.UIOrchestratorService[0]
      Intercom ? MediaAdded: WorkId=cc841b29-b63c-4d11-9b59-5b9d46a4a470 Title="Breaking Bad" Type=TV
info: MediaEngine.Web.Services.Integration.UIOrchestratorService[0]
      Intercom ? IngestionCompleted: File="(null)" Type=(null)
info: MediaEngine.Web.Services.Integration.UIOrchestratorService[0]
      Intercom ? MediaAdded: WorkId=7cd9d097-eacd-4316-a23f-ea9eb0b0790c Title="Breaking Bad" Type=TV
info: MediaEngine.Web.Services.Integration.UIOrchestratorService[0]
      Intercom ? IngestionCompleted: File="(null)" Type=(null)
info: MediaEngine.Web.Services.Integration.UIOrchestratorService[0]
      Intercom ? MediaAdded: WorkId=7b21eaed-2576-4d09-9c4d-a3a0bc7bb48c Title="Shōgun" Type=TV
info: MediaEngine.Web.Services.Integration.UIOrchestratorService[0]
      Intercom ? IngestionCompleted: File="(null)" Type=(null)
info: MediaEngine.Web.Services.Integration.UIOrchestratorService[0]
      Intercom ? MediaAdded: WorkId=c4e161ce-87ec-4d61-8f26-6ed7655f8e69 Title="Better Call Saul" Type=TV
info: MediaEngine.Web.Services.Integration.UIOrchestratorService[0]
      Intercom ? IngestionCompleted: File="(null)" Type=(null)
info: MediaEngine.Web.Services.Integration.UIOrchestratorService[0]
      Intercom ? MediaAdded: WorkId=af4c1dbe-1533-446b-b73d-27831af90164 Title="The Expanse" Type=TV
info: MediaEngine.Web.Services.Integration.UIOrchestratorService[0]
      Intercom ? IngestionCompleted: File="(null)" Type=(null)
info: MediaEngine.Web.Services.Integration.UIOrchestratorService[0]
      Intercom ? MediaAdded: WorkId=e7dfa15e-cba8-40e1-a6d4-d0fc494c451c Title="The Hobbit" Type=Books
info: MediaEngine.Web.Services.Integration.UIOrchestratorService[0]
      Intercom ? IngestionCompleted: File="(null)" Type=(null)
info: MediaEngine.Web.Services.Integration.UIOrchestratorService[0]
      Intercom ? MediaAdded: WorkId=dd4af17d-7346-401c-b6fb-d3af75b0f867 Title="The Hobbit" Type=Audiobooks
info: MediaEngine.Web.Services.Integration.UIOrchestratorService[0]
      Intercom ? IngestionCompleted: File="(null)" Type=(null)
info: MediaEngine.Web.Services.Integration.UIOrchestratorService[0]
      Intercom ? MediaAdded: WorkId=51382944-988c-4c97-8003-314316d36359 Title="All Systems Red" Type=Audiobooks
info: MediaEngine.Web.Services.Integration.UIOrchestratorService[0]
      Intercom ? IngestionCompleted: File="(null)" Type=(null)
info: MediaEngine.Web.Services.Integration.UIOrchestratorService[0]
      Intercom ? MediaAdded: WorkId=b783e474-3201-43c1-b398-233f5bd3fd70 Title="The Martian" Type=Audiobooks
info: MediaEngine.Web.Services.Integration.UIOrchestratorService[0]
      Intercom ? IngestionCompleted: File="(null)" Type=(null)
info: MediaEngine.Web.Services.Integration.UIOrchestratorService[0]
      Intercom ? MediaAdded: WorkId=bff6b5f9-c0eb-4508-85c3-b5f594ce1138 Title="The Hitchhiker's Guide to the Galaxy" Type=Audiobooks
info: MediaEngine.Web.Services.Integration.UIOrchestratorService[0]
      Intercom ? IngestionCompleted: File="(null)" Type=(null)
info: MediaEngine.Web.Services.Integration.UIOrchestratorService[0]
      Intercom ? MediaAdded: WorkId=113ca0c5-8950-46c6-a5c1-fae4b86c44f4 Title="Foundation" Type=Books
info: MediaEngine.Web.Services.Integration.UIOrchestratorService[0]
      Intercom ? IngestionCompleted: File="(null)" Type=(null)
info: MediaEngine.Web.Services.Integration.UIOrchestratorService[0]
      Intercom ? MediaAdded: WorkId=0d9f42fc-c9fd-477e-b1e3-8fd695e48f32 Title="The Lord of the Rings: The Fellowship of the Ring" Type=Movies
info: MediaEngine.Web.Services.Integration.UIOrchestratorService[0]
      Intercom ? IngestionCompleted: File="(null)" Type=(null)
info: MediaEngine.Web.Services.Integration.UIOrchestratorService[0]
      Intercom ? MediaAdded: WorkId=c287f970-76c1-425c-adaf-0d3244173184 Title="Wool" Type=Audiobooks
info: MediaEngine.Web.Services.Integration.UIOrchestratorService[0]
      Intercom ? IngestionCompleted: File="(null)" Type=(null)
info: MediaEngine.Web.Services.Integration.UIOrchestratorService[0]
      Intercom ? MediaAdded: WorkId=d02202b0-6660-4c8b-852a-84c09db86329 Title="Second Foundation" Type=Books
info: MediaEngine.Web.Services.Integration.UIOrchestratorService[0]
      Intercom ? IngestionCompleted: File="(null)" Type=(null)
info: MediaEngine.Web.Services.Integration.UIOrchestratorService[0]
      Intercom ? MediaAdded: WorkId=95e4269b-c6cb-43d4-905f-088937f16d47 Title="The Dark Knight Rises" Type=Movies
info: MediaEngine.Web.Services.Integration.UIOrchestratorService[0]
      Intercom ? IngestionCompleted: File="(null)" Type=(null)
info: MediaEngine.Web.Services.Integration.UIOrchestratorService[0]
      Intercom ? MediaAdded: WorkId=3c0d71ca-9080-430a-814a-249168412f4e Title="Harry Potter and the Philosopher's Stone" Type=Audiobooks
info: MediaEngine.Web.Services.Integration.UIOrchestratorService[0]
      Intercom ? IngestionCompleted: File="(null)" Type=(null)
info: MediaEngine.Web.Services.Integration.UIOrchestratorService[0]
      Intercom ? MediaAdded: WorkId=f202f524-2635-4f20-b0ba-4102d2c3bbc1 Title="Project Hail Mary" Type=Audiobooks
info: MediaEngine.Web.Services.Integration.UIOrchestratorService[0]
      Intercom ? IngestionCompleted: File="(null)" Type=(null)
info: MediaEngine.Web.Services.Integration.UIOrchestratorService[0]
      Intercom ? MediaAdded: WorkId=1db5a9e7-a0a2-43fd-99a8-834964dd93ad Title="The Shining" Type=Audiobooks
info: MediaEngine.Web.Services.Integration.UIOrchestratorService[0]
      Intercom ? IngestionCompleted: File="(null)" Type=(null)
info: MediaEngine.Web.Services.Integration.UIOrchestratorService[0]
      Intercom ? MediaAdded: WorkId=74d1822d-32fe-4d26-ad33-82cc781595ef Title="Harry Potter and the Philosopher's Stone" Type=Movies
info: MediaEngine.Web.Services.Integration.UIOrchestratorService[0]
      Intercom ? IngestionCompleted: File="(null)" Type=(null)
info: MediaEngine.Web.Services.Integration.UIOrchestratorService[0]
      Intercom ? MediaAdded: WorkId=d07905ac-5034-4f19-afdc-30528ed0a6ba Title="Dune" Type=Movies
info: MediaEngine.Web.Services.Integration.UIOrchestratorService[0]
      Intercom ? IngestionCompleted: File="(null)" Type=(null)
info: MediaEngine.Web.Services.Integration.UIOrchestratorService[0]
      Intercom ? MediaAdded: WorkId=19ba51ce-0bef-44b8-a093-78083612c636 Title="Dune" Type=Movies
info: MediaEngine.Web.Services.Integration.UIOrchestratorService[0]
      Intercom ? IngestionCompleted: File="(null)" Type=(null)
info: MediaEngine.Web.Services.Integration.UIOrchestratorService[0]
      Intercom ? MediaAdded: WorkId=e8e1389b-4e3a-41e8-862e-58ba2904660d Title="Oppenheimer" Type=Movies
info: MediaEngine.Web.Services.Integration.UIOrchestratorService[0]
      Intercom ? IngestionCompleted: File="(null)" Type=(null)
info: MediaEngine.Web.Services.Integration.UIOrchestratorService[0]
      Intercom ? MediaAdded: WorkId=e1c730ca-ac97-4b4e-aca8-6b770855ae54 Title="Interstellar" Type=Movies
info: MediaEngine.Web.Services.Integration.UIOrchestratorService[0]
      Intercom ? IngestionCompleted: File="(null)" Type=(null)
info: MediaEngine.Web.Services.Integration.UIOrchestratorService[0]
      Intercom ? MediaAdded: WorkId=70890c75-2bad-4307-9d2d-07d2cf3f59d2 Title="The Shining" Type=Movies
info: MediaEngine.Web.Services.Integration.UIOrchestratorService[0]
      Intercom ? IngestionCompleted: File="(null)" Type=(null)
info: MediaEngine.Web.Services.Integration.UIOrchestratorService[0]
      Intercom ? MediaAdded: WorkId=96940140-731b-4c9a-90b1-5bd51d7e55e9 Title="The Empire Strikes Back" Type=Movies
info: MediaEngine.Web.Services.Integration.UIOrchestratorService[0]
      Intercom ? IngestionCompleted: File="(null)" Type=(null)
info: MediaEngine.Web.Services.Integration.UIOrchestratorService[0]
      Intercom ? MediaAdded: WorkId=bb19de9d-3e97-48ad-b1b7-1943de905f78 Title="Blade Runner" Type=Movies
info: MediaEngine.Web.Services.Integration.UIOrchestratorService[0]
      Intercom ? IngestionCompleted: File="(null)" Type=(null)
info: MediaEngine.Web.Services.Integration.UIOrchestratorService[0]
      Intercom ? MediaAdded: WorkId=ff621097-3242-4f14-a3ed-8af74e4579a8 Title="A Game of Thrones" Type=Audiobooks
info: MediaEngine.Web.Services.Integration.UIOrchestratorService[0]
      Intercom ? IngestionCompleted: File="(null)" Type=(null)
info: MediaEngine.Web.Services.Integration.UIOrchestratorService[0]
      Intercom ? MediaAdded: WorkId=768134ba-dcb7-40f7-8336-424434b6e6f9 Title="Star Wars" Type=Movies
info: MediaEngine.Web.Services.Integration.UIOrchestratorService[0]
      Intercom ? IngestionCompleted: File="(null)" Type=(null)
info: MediaEngine.Web.Services.Integration.UIOrchestratorService[0]
      Intercom ? MediaAdded: WorkId=a44d5df9-95e7-48ff-b84e-a0bf973a7dc8 Title="Doctor Sleep" Type=Movies
info: MediaEngine.Web.Services.Integration.UIOrchestratorService[0]
      Intercom ? IngestionCompleted: File="(null)" Type=(null)
info: MediaEngine.Web.Services.Integration.UIOrchestratorService[0]
      Intercom ? MediaAdded: WorkId=8d765f6b-ff96-406d-8d53-25b74d965f2e Title="Arrival" Type=Movies
info: MediaEngine.Web.Services.Integration.UIOrchestratorService[0]
      Intercom ? IngestionCompleted: File="(null)" Type=(null)
info: MediaEngine.Web.Services.Integration.UIOrchestratorService[0]
      Intercom ? MediaAdded: WorkId=36f67893-dc48-49ad-b982-d61adaa89bc9 Title="Blade Runner 2049" Type=Movies
info: MediaEngine.Web.Services.Integration.UIOrchestratorService[0]
      Intercom ? IngestionCompleted: File="(null)" Type=(null)
info: MediaEngine.Web.Services.Integration.UIOrchestratorService[0]
      Intercom ? MediaAdded: WorkId=29b45e7e-fe5d-4ddb-bdf8-8be64da6a664 Title="The Matrix Reloaded" Type=Movies
info: MediaEngine.Web.Services.Integration.UIOrchestratorService[0]
      Intercom ? IngestionCompleted: File="(null)" Type=(null)
info: MediaEngine.Web.Services.Integration.UIOrchestratorService[0]
      Intercom ? MediaAdded: WorkId=6b60be0f-bf58-404a-9c5c-d76d33b8f319 Title="Harry Potter and the Chamber of Secrets" Type=Movies
info: MediaEngine.Web.Services.Integration.UIOrchestratorService[0]
      Intercom ? IngestionCompleted: File="(null)" Type=(null)
info: System.Net.Http.HttpClient.IEngineApiClient.LogicalHandler[100]
      Start processing HTTP request GET http://localhost:61495/review/count
info: System.Net.Http.HttpClient.IEngineApiClient.ClientHandler[100]
      Sending HTTP request GET http://localhost:61495/review/count
info: System.Net.Http.HttpClient.IEngineApiClient.ClientHandler[101]
      Received HTTP response headers after 2.5385ms - 200
info: System.Net.Http.HttpClient.IEngineApiClient.LogicalHandler[101]
      End processing HTTP request after 2.664ms - 200
info: MediaEngine.Web.Services.Integration.UIOrchestratorService[0]
      Intercom ? MediaAdded: WorkId=627c36d2-19e3-4171-9f3b-a497a8238d43 Title="The Fellowship of the Ring" Type=Books
info: MediaEngine.Web.Services.Integration.UIOrchestratorService[0]
      Intercom ? IngestionCompleted: File="(null)" Type=(null)
info: MediaEngine.Web.Services.Integration.UIOrchestratorService[0]
      Intercom ? MediaAdded: WorkId=6a23f9d1-9157-4be8-98a5-16aa8a413170 Title="Harry Potter and the Chamber of Secrets" Type=Audiobooks
info: MediaEngine.Web.Services.Integration.UIOrchestratorService[0]
      Intercom ? IngestionCompleted: File="(null)" Type=(null)
info: MediaEngine.Web.Services.Integration.UIOrchestratorService[0]
      Intercom ? MediaAdded: WorkId=243ebe32-c44e-4b16-a60e-a6ed7a1d0680 Title="BLOOD." Type=Music
info: MediaEngine.Web.Services.Integration.UIOrchestratorService[0]
      Intercom ? IngestionCompleted: File="(null)" Type=(null)
info: MediaEngine.Web.Services.Integration.UIOrchestratorService[0]
      Intercom ? MediaAdded: WorkId=ddf1f3a3-cbe2-48b2-9488-652ebc1ba4be Title="Shōgun" Type=TV
info: MediaEngine.Web.Services.Integration.UIOrchestratorService[0]
      Intercom ? IngestionCompleted: File="(null)" Type=(null)
info: MediaEngine.Web.Services.Integration.UIOrchestratorService[0]
      Intercom ? MediaAdded: WorkId=8bec56b3-9d9a-454b-b4f7-c3007ac7ea2b Title="Shōgun" Type=TV
info: MediaEngine.Web.Services.Integration.UIOrchestratorService[0]
      Intercom ? IngestionCompleted: File="(null)" Type=(null)
info: MediaEngine.Web.Services.Integration.UIOrchestratorService[0]
      Intercom ? MediaAdded: WorkId=eb65f2e1-3381-495c-8aac-185b120c594a Title="Game of Thrones" Type=TV
info: MediaEngine.Web.Services.Integration.UIOrchestratorService[0]
      Intercom ? IngestionCompleted: File="(null)" Type=(null)
info: MediaEngine.Web.Services.Integration.UIOrchestratorService[0]
      Intercom ? MediaAdded: WorkId=098e904a-023a-49f1-be11-e4ac6c77e5fd Title="The Last of Us" Type=TV
info: MediaEngine.Web.Services.Integration.UIOrchestratorService[0]
      Intercom ? IngestionCompleted: File="(null)" Type=(null)
info: MediaEngine.Web.Services.Integration.UIOrchestratorService[0]
      Intercom ? MediaAdded: WorkId=049cf512-4f0e-4f8e-8c03-177afefb4de0 Title="The Last of Us" Type=TV
info: MediaEngine.Web.Services.Integration.UIOrchestratorService[0]
      Intercom ? IngestionCompleted: File="(null)" Type=(null)
info: MediaEngine.Web.Services.Integration.UIOrchestratorService[0]
      Intercom ? MediaAdded: WorkId=4590101e-6b8e-4a60-9ec9-548df851d8be Title="Breaking Bad" Type=TV
info: MediaEngine.Web.Services.Integration.UIOrchestratorService[0]
      Intercom ? IngestionCompleted: File="(null)" Type=(null)
info: MediaEngine.Web.Services.Integration.UIOrchestratorService[0]
      Intercom ? MediaAdded: WorkId=1bd0b98f-cdd5-498a-8daf-1d71bd7c3180 Title="Foundation" Type=TV
info: MediaEngine.Web.Services.Integration.UIOrchestratorService[0]
      Intercom ? IngestionCompleted: File="(null)" Type=(null)
info: MediaEngine.Web.Services.Integration.UIOrchestratorService[0]
      Intercom ? MediaAdded: WorkId=7f93f23d-f5d7-4e2d-9747-2accc7d27430 Title="Foundation" Type=TV
info: MediaEngine.Web.Services.Integration.UIOrchestratorService[0]
      Intercom ? IngestionCompleted: File="(null)" Type=(null)
info: MediaEngine.Web.Services.Integration.UIOrchestratorService[0]
      Intercom ? MediaAdded: WorkId=7ef50600-f33c-4b5a-a40a-ffd65952b929 Title="The Expanse" Type=TV
info: MediaEngine.Web.Services.Integration.UIOrchestratorService[0]
      Intercom ? IngestionCompleted: File="(null)" Type=(null)
info: MediaEngine.Web.Services.Integration.UIOrchestratorService[0]
      Intercom ? MediaAdded: WorkId=64110cef-06ab-4b02-8025-1577131d6a17 Title="Breaking Bad" Type=TV
info: MediaEngine.Web.Services.Integration.UIOrchestratorService[0]
      Intercom ? IngestionCompleted: File="(null)" Type=(null)
info: MediaEngine.Web.Services.Integration.UIOrchestratorService[0]
      Intercom ? MediaAdded: WorkId=d84abf8c-190f-4ca8-a878-e2f78cc5d6cb Title="Breaking Bad" Type=TV
info: MediaEngine.Web.Services.Integration.UIOrchestratorService[0]
      Intercom ? IngestionCompleted: File="(null)" Type=(null)
info: MediaEngine.Web.Services.Integration.UIOrchestratorService[0]
      Intercom ? MediaAdded: WorkId=f1f3c8f6-d2f2-46cd-b8b3-ac3c42a76590 Title="Game of Thrones" Type=TV
info: MediaEngine.Web.Services.Integration.UIOrchestratorService[0]
      Intercom ? IngestionCompleted: File="(null)" Type=(null)
info: MediaEngine.Web.Services.Integration.UIOrchestratorService[0]
      Intercom ? MediaAdded: WorkId=6e41a239-5721-411f-a131-3522a6332a92 Title="Game of Thrones" Type=TV
info: MediaEngine.Web.Services.Integration.UIOrchestratorService[0]
      Intercom ? IngestionCompleted: File="(null)" Type=(null)
info: MediaEngine.Web.Services.Integration.UIOrchestratorService[0]
      Intercom ? MediaAdded: WorkId=436b190b-457c-455e-86ee-29dde06e1aaf Title="The Expanse" Type=TV
info: MediaEngine.Web.Services.Integration.UIOrchestratorService[0]
      Intercom ? IngestionCompleted: File="(null)" Type=(null)
info: MediaEngine.Web.Services.Integration.UIOrchestratorService[0]
      Intercom ? MediaAdded: WorkId=99b43efa-1a4a-442b-9092-402a32d879a8 Title="Better Call Saul" Type=TV
info: MediaEngine.Web.Services.Integration.UIOrchestratorService[0]
      Intercom ? IngestionCompleted: File="(null)" Type=(null)
info: MediaEngine.Web.Services.Integration.UIOrchestratorService[0]
      Intercom ? MediaAdded: WorkId=a86e77d1-7b75-4861-975f-e0d426118d01 Title="Five Years" Type=Music
info: MediaEngine.Web.Services.Integration.UIOrchestratorService[0]
      Intercom ? IngestionCompleted: File="(null)" Type=(null)
info: MediaEngine.Web.Services.Integration.UIOrchestratorService[0]
      Intercom ? MediaAdded: WorkId=f1718a1d-f5c0-4999-8afb-b2ea3f4fde23 Title="Soul Love" Type=Music
info: MediaEngine.Web.Services.Integration.UIOrchestratorService[0]
      Intercom ? IngestionCompleted: File="(null)" Type=(null)
info: MediaEngine.Web.Services.Integration.UIOrchestratorService[0]
      Intercom ? MediaAdded: WorkId=00a254c0-6299-4dbb-a6d1-1f686c4c347d Title="Alien" Type=Movies
info: MediaEngine.Web.Services.Integration.UIOrchestratorService[0]
      Intercom ? IngestionCompleted: File="(null)" Type=(null)
info: MediaEngine.Web.Services.Integration.UIOrchestratorService[0]
      Intercom ? MediaAdded: WorkId=ef772f2c-17eb-4e1f-9225-c1aa439bc92b Title="The Martian" Type=Movies
info: MediaEngine.Web.Services.Integration.UIOrchestratorService[0]
      Intercom ? MediaAdded: WorkId=6114e8e0-f0ce-42c0-ae41-717745ae2e7c Title="The Dark Knight" Type=Movies
info: MediaEngine.Web.Services.Integration.UIOrchestratorService[0]
      Intercom ? IngestionCompleted: File="(null)" Type=(null)
info: MediaEngine.Web.Services.Integration.UIOrchestratorService[0]
      Intercom ? IngestionCompleted: File="(null)" Type=(null)
info: MediaEngine.Web.Services.Integration.UIOrchestratorService[0]
      Intercom ? MediaAdded: WorkId=fb79976e-d7a1-47d7-a9ef-e16441aee794 Title="The Shawshank Redemption" Type=Movies
info: MediaEngine.Web.Services.Integration.UIOrchestratorService[0]
      Intercom ? IngestionCompleted: File="(null)" Type=(null)
info: MediaEngine.Web.Services.Integration.UIOrchestratorService[0]
      Intercom ? MediaAdded: WorkId=7b7c964c-ba38-4e6c-adff-56b266416dcc Title="The Hobbit: An Unexpected Journey" Type=Movies
info: MediaEngine.Web.Services.Integration.UIOrchestratorService[0]
      Intercom ? IngestionCompleted: File="(null)" Type=(null)
info: MediaEngine.Web.Services.Integration.UIOrchestratorService[0]
      Intercom ? MediaAdded: WorkId=de26984a-a193-4b08-8b76-482544018571 Title="Watchmen #2: Absent Friends" Type=Comics
info: MediaEngine.Web.Services.Integration.UIOrchestratorService[0]
      Intercom ? IngestionCompleted: File="(null)" Type=(null)
info: System.Net.Http.HttpClient.IEngineApiClient.LogicalHandler[100]
      Start processing HTTP request GET http://localhost:61495/review/count
info: System.Net.Http.HttpClient.IEngineApiClient.ClientHandler[100]
      Sending HTTP request GET http://localhost:61495/review/count
info: System.Net.Http.HttpClient.IEngineApiClient.ClientHandler[101]
      Received HTTP response headers after 1.6621ms - 200
info: System.Net.Http.HttpClient.IEngineApiClient.LogicalHandler[101]
      End processing HTTP request after 1.7294ms - 200
info: MediaEngine.Web.Services.Integration.UIOrchestratorService[0]
      Intercom ? MediaAdded: WorkId=a06d8c43-a2f8-4713-a4b7-64b8da826759 Title="Watchmen #1: At Midnight, All the Agents..." Type=Comics
info: MediaEngine.Web.Services.Integration.UIOrchestratorService[0]
      Intercom ? IngestionCompleted: File="(null)" Type=(null)
info: MediaEngine.Web.Services.Integration.UIOrchestratorService[0]
      Intercom ? MediaAdded: WorkId=91a1d275-75eb-4c01-b4c0-592191cdbce0 Title="Akira #2" Type=Comics
info: MediaEngine.Web.Services.Integration.UIOrchestratorService[0]
      Intercom ? IngestionCompleted: File="(null)" Type=(null)
info: MediaEngine.Web.Services.Integration.UIOrchestratorService[0]
      Intercom ? MediaAdded: WorkId=3ae407dc-1336-4b39-9ef4-27b3af6eac93 Title="Akira #1" Type=Comics
info: MediaEngine.Web.Services.Integration.UIOrchestratorService[0]
      Intercom ? IngestionCompleted: File="(null)" Type=(null)
info: MediaEngine.Web.Services.Integration.UIOrchestratorService[0]
      Intercom ? MediaAdded: WorkId=744fcd92-1685-4799-b0eb-eeded2212b10 Title="Leviathan Wakes" Type=Audiobooks
info: MediaEngine.Web.Services.Integration.UIOrchestratorService[0]
      Intercom ? IngestionCompleted: File="(null)" Type=(null)
info: MediaEngine.Web.Services.Integration.UIOrchestratorService[0]
      Intercom ? MediaAdded: WorkId=1f2e1206-a02d-476f-81a5-11bc3a34a0dd Title="Batman #405: Year One Part 2 - War Is Declared" Type=Comics
info: MediaEngine.Web.Services.Integration.UIOrchestratorService[0]
      Intercom ? IngestionCompleted: File="(null)" Type=(null)
info: MediaEngine.Web.Services.Integration.UIOrchestratorService[0]
      Intercom ? MediaAdded: WorkId=950b4cde-6246-4329-aa08-032fbc04de92 Title="Saga #3" Type=Comics
info: MediaEngine.Web.Services.Integration.UIOrchestratorService[0]
      Intercom ? IngestionCompleted: File="(null)" Type=(null)
info: MediaEngine.Web.Services.Integration.UIOrchestratorService[0]
      Intercom ? MediaAdded: WorkId=252d2528-a965-4084-a5bc-26bce95e8e5c Title="The Matrix" Type=Movies
info: MediaEngine.Web.Services.Integration.UIOrchestratorService[0]
      Intercom ? IngestionCompleted: File="(null)" Type=(null)
info: MediaEngine.Web.Services.Integration.UIOrchestratorService[0]
      Intercom ? MediaAdded: WorkId=78a697b1-4e67-4f62-9e46-47f049734778 Title="Saga #2" Type=Comics
info: MediaEngine.Web.Services.Integration.UIOrchestratorService[0]
      Intercom ? IngestionCompleted: File="(null)" Type=(null)
info: MediaEngine.Web.Services.Integration.UIOrchestratorService[0]
      Intercom ? MediaAdded: WorkId=8d2d5648-c544-4464-aa77-95287e0ef3ba Title="Batman Begins" Type=Movies
info: MediaEngine.Web.Services.Integration.UIOrchestratorService[0]
      Intercom ? IngestionCompleted: File="(null)" Type=(null)
info: MediaEngine.Web.Services.Integration.UIOrchestratorService[0]
      Intercom ? MediaAdded: WorkId=d65307b7-6c1c-4c77-a2fe-20b5acc356b0 Title="The Lord of the Rings: The Two Towers" Type=Movies
info: MediaEngine.Web.Services.Integration.UIOrchestratorService[0]
      Intercom ? IngestionCompleted: File="(null)" Type=(null)
info: MediaEngine.Web.Services.Integration.UIOrchestratorService[0]
      Intercom ? MediaAdded: WorkId=6b01bebb-7bbd-4d72-a850-852190b9362a Title="Batman #407: Year One Part 4 - Friend in Need" Type=Comics
info: MediaEngine.Web.Services.Integration.UIOrchestratorService[0]
      Intercom ? IngestionCompleted: File="(null)" Type=(null)
info: MediaEngine.Web.Services.Integration.UIOrchestratorService[0]
      Intercom ? MediaAdded: WorkId=55f0616f-64b5-4323-809e-c1f2021443f3 Title="The Lord of the Rings: The Return of the King" Type=Movies
info: MediaEngine.Web.Services.Integration.UIOrchestratorService[0]
      Intercom ? IngestionCompleted: File="(null)" Type=(null)
info: MediaEngine.Web.Services.Integration.UIOrchestratorService[0]
      Intercom ? MediaAdded: WorkId=0d551026-bb29-46f1-8bff-41a8f8be163f Title="Batman #406: Year One Part 3 - Black Dawn" Type=Comics
info: MediaEngine.Web.Services.Integration.UIOrchestratorService[0]
      Intercom ? IngestionCompleted: File="(null)" Type=(null)
info: MediaEngine.Web.Services.Integration.UIOrchestratorService[0]
      Intercom ? MediaAdded: WorkId=b2de26f0-6ca8-4cbb-b44c-c42a82603947 Title="Saga #1" Type=Comics
info: MediaEngine.Web.Services.Integration.UIOrchestratorService[0]
      Intercom ? IngestionCompleted: File="(null)" Type=(null)
info: MediaEngine.Web.Services.Integration.UIOrchestratorService[0]
      Intercom ? MediaAdded: WorkId=1bb91978-bd9e-409f-b8cd-0501086e37ca Title="Do Androids Dream of Electric Sheep?" Type=Books
info: MediaEngine.Web.Services.Integration.UIOrchestratorService[0]
      Intercom ? IngestionCompleted: File="(null)" Type=(null)
info: MediaEngine.Web.Services.Integration.UIOrchestratorService[0]
      Intercom ? MediaAdded: WorkId=6397b845-17e9-4fb4-b611-138897f61ccc Title="The Hobbit: The Desolation of Smaug" Type=Movies
info: MediaEngine.Web.Services.Integration.UIOrchestratorService[0]
      Intercom ? IngestionCompleted: File="(null)" Type=(null)
info: MediaEngine.Web.Services.Integration.UIOrchestratorService[0]
      Intercom ? MediaAdded: WorkId=2c20a96e-4f76-4078-9c9c-ec2f035e9a02 Title="Aliens" Type=Movies
info: MediaEngine.Web.Services.Integration.UIOrchestratorService[0]
      Intercom ? IngestionCompleted: File="(null)" Type=(null)
info: MediaEngine.Web.Services.Integration.UIOrchestratorService[0]
      Intercom ? MediaAdded: WorkId=1276457a-752d-4603-8f83-bca3eabaf17e Title="The Sandman #1: Sleep of the Just" Type=Comics
info: MediaEngine.Web.Services.Integration.UIOrchestratorService[0]
      Intercom ? IngestionCompleted: File="(null)" Type=(null)
info: MediaEngine.Web.Services.Integration.UIOrchestratorService[0]
      Intercom ? MediaAdded: WorkId=ee9943bd-55c4-41a1-9589-72f8cfc61876 Title="DNA." Type=Music
info: MediaEngine.Web.Services.Integration.UIOrchestratorService[0]
      Intercom ? IngestionCompleted: File="(null)" Type=(null)
info: MediaEngine.Web.Services.Integration.UIOrchestratorService[0]
      Intercom ? MediaAdded: WorkId=b1465f34-06d0-4538-b0e9-046092df767e Title="Airbag" Type=Music
info: MediaEngine.Web.Services.Integration.UIOrchestratorService[0]
      Intercom ? IngestionCompleted: File="(null)" Type=(null)
info: MediaEngine.Web.Services.Integration.UIOrchestratorService[0]
      Intercom ? MediaAdded: WorkId=757e4c27-2021-4c7c-92ed-c4cfcdcfd9f8 Title="Paranoid Android" Type=Music
info: MediaEngine.Web.Services.Integration.UIOrchestratorService[0]
      Intercom ? IngestionCompleted: File="(null)" Type=(null)
info: MediaEngine.Web.Services.Integration.UIOrchestratorService[0]
      Intercom ? MediaAdded: WorkId=86cfe37f-49e9-43ba-a560-e575552cc7df Title="Welcome to New York" Type=Music
info: MediaEngine.Web.Services.Integration.UIOrchestratorService[0]
      Intercom ? IngestionCompleted: File="(null)" Type=(null)
info: MediaEngine.Web.Services.Integration.UIOrchestratorService[0]
      Intercom ? MediaAdded: WorkId=f2c947be-af54-46ca-a376-958a227d427f Title="Blank Space" Type=Music
info: MediaEngine.Web.Services.Integration.UIOrchestratorService[0]
      Intercom ? IngestionCompleted: File="(null)" Type=(null)
info: MediaEngine.Web.Services.Integration.UIOrchestratorService[0]
      Intercom ? MediaAdded: WorkId=9cd87594-14e6-4fa3-907a-4b0f5f67dc27 Title="The Wasp Factory" Type=Audiobooks
info: MediaEngine.Web.Services.Integration.UIOrchestratorService[0]
      Intercom ? IngestionCompleted: File="(null)" Type=(null)
info: MediaEngine.Web.Services.Integration.UIOrchestratorService[0]
      Intercom ? MediaAdded: WorkId=920fcbf2-d2fd-4648-845e-8aa0878fcb9a Title="Dreaming of the Crash" Type=Music
info: MediaEngine.Web.Services.Integration.UIOrchestratorService[0]
      Intercom ? IngestionCompleted: File="(null)" Type=(null)
info: MediaEngine.Web.Services.Integration.UIOrchestratorService[0]
      Intercom ? MediaAdded: WorkId=4d24e842-5bfe-4a5f-b464-a4801f2ed3fb Title="Cornfield Chase" Type=Music
info: MediaEngine.Web.Services.Integration.UIOrchestratorService[0]
      Intercom ? IngestionCompleted: File="(null)" Type=(null)
info: MediaEngine.Web.Services.Integration.UIOrchestratorService[0]
      Intercom ? MediaAdded: WorkId=8d58bd64-7268-4ec0-a46d-0620c15b65d8 Title="Beauty and the Beast" Type=Music
info: MediaEngine.Web.Services.Integration.UIOrchestratorService[0]
      Intercom ? IngestionCompleted: File="(null)" Type=(null)
info: MediaEngine.Web.Services.Integration.UIOrchestratorService[0]
      Intercom ? MediaAdded: WorkId=ea836269-317b-43e8-9309-29ecaaa392ff Title="Moonage Daydream" Type=Music
info: MediaEngine.Web.Services.Integration.UIOrchestratorService[0]
      Intercom ? IngestionCompleted: File="(null)" Type=(null)
info: MediaEngine.Web.Services.Integration.UIOrchestratorService[0]
      Intercom ? MediaAdded: WorkId=6ec50b42-6238-4124-a18f-fbc7206d0976 Title="Come Together" Type=Music
info: MediaEngine.Web.Services.Integration.UIOrchestratorService[0]
      Intercom ? IngestionCompleted: File="(null)" Type=(null)
info: MediaEngine.Web.Services.Integration.UIOrchestratorService[0]
      Intercom ? MediaAdded: WorkId=64653015-6d16-4582-8d8e-798f9cca3573 Title="Something" Type=Music
info: MediaEngine.Web.Services.Integration.UIOrchestratorService[0]
      Intercom ? IngestionCompleted: File="(null)" Type=(null)
info: MediaEngine.Web.Services.Integration.UIOrchestratorService[0]
      Intercom ? MediaAdded: WorkId=1f183966-56e1-428e-babd-33b6f7929b9e Title="The Sandman" Type=Comics
info: MediaEngine.Web.Services.Integration.UIOrchestratorService[0]
      Intercom ? IngestionCompleted: File="(null)" Type=(null)
